19:06:09,900 (AWT-EventQueue-0) DEBUG [DataNucleus.Persistence] - ExecutionContext "org.datanucleus.ExecutionContextImpl@5557d030" se abrió para la base de datos "org.datanucleus.store.rdbms.RDBMSStoreManager@6df83dec" con transaccion="org.datanucleus.TransactionImpl@7c7ddf53"
19:06:09,900 (AWT-EventQueue-0) DEBUG [DataNucleus.Transaction] - Transaction created [DataNucleus Transaction, ID=-1486791416-2, enlisted resources=[]]
19:06:09,900 (AWT-EventQueue-0) DEBUG [DataNucleus.Transaction] - Transacción empezada para el ExecutionContext org.datanucleus.ExecutionContextImpl@5557d030 (optimistic=false)
19:06:09,900 (AWT-EventQueue-0) DEBUG [DataNucleus.Persistence] - ExecutionContext "org.datanucleus.ExecutionContextImpl@3db4d93e" se abrió para la base de datos "org.datanucleus.store.rdbms.RDBMSStoreManager@6df83dec" con transaccion="org.datanucleus.TransactionImpl@560948e8"
19:06:09,900 (AWT-EventQueue-0) DEBUG [DataNucleus.Query] - Query de SQL : "SELECT Parranderos_sequence.nextval FROM DUAL"
19:06:09,900 (AWT-EventQueue-0) DEBUG [DataNucleus.Connection] - ManagedConnection ABIERTO : "org.datanucleus.store.rdbms.ConnectionFactoryImpl$ManagedConnectionImpl@271798a1 [conn=org.datanucleus.store.rdbms.datasource.dbcp2.PoolingDataSource$PoolGuardConnectionWrapper@3c71c854, commitOnRelease=true, closeOnRelease=true, closeOnTxnEnd=true]" en resource "nontx" con isolación "read-committed" y auto-commit=false
19:06:09,900 (AWT-EventQueue-0) DEBUG [DataNucleus.Datastore] - Utilizando PreparedStatement "oracle.jdbc.driver.OraclePreparedStatementWrapper@20a3893a" para la conneccion "org.datanucleus.store.rdbms.datasource.dbcp2.PoolingDataSource$PoolGuardConnectionWrapper@3c71c854"
19:06:09,900 (AWT-EventQueue-0) DEBUG [DataNucleus.Datastore.Native] - SELECT Parranderos_sequence.nextval FROM DUAL
19:06:09,962 (AWT-EventQueue-0) DEBUG [DataNucleus.Datastore.Retrieve] - SQL Tiempo de cumplir = 62 ms
19:06:09,962 (AWT-EventQueue-0) DEBUG [DataNucleus.Connection] - ManagedConnection VA A COMMIT : "org.datanucleus.store.rdbms.ConnectionFactoryImpl$ManagedConnectionImpl@271798a1 [conn=org.datanucleus.store.rdbms.datasource.dbcp2.PoolingDataSource$PoolGuardConnectionWrapper@3c71c854, commitOnRelease=true, closeOnRelease=true, closeOnTxnEnd=true]"
19:06:10,009 (AWT-EventQueue-0) DEBUG [DataNucleus.Query] - Leyendo los resultados del query "org.datanucleus.store.rdbms.query.SQLQuery@9d0ccf8e" como la conneccion va a cerrar o cometer
19:06:10,009 (AWT-EventQueue-0) DEBUG [DataNucleus.Connection] - ManagedConnection CERRADO : "org.datanucleus.store.rdbms.ConnectionFactoryImpl$ManagedConnectionImpl@271798a1 [conn=org.datanucleus.store.rdbms.datasource.dbcp2.PoolingDataSource$PoolGuardConnectionWrapper@3c71c854, commitOnRelease=true, closeOnRelease=true, closeOnTxnEnd=true]" 
19:06:10,071 (AWT-EventQueue-0) DEBUG [DataNucleus.Query] - Query de SQL : "INSERT INTO ROL(id, nombre) values (?, ?)"
19:06:10,071 (AWT-EventQueue-0) DEBUG [DataNucleus.Connection] - ManagedConnection ABIERTO : "org.datanucleus.store.rdbms.ConnectionFactoryImpl$ManagedConnectionImpl@2946e00d [conn=org.datanucleus.store.rdbms.datasource.dbcp2.PoolingDataSource$PoolGuardConnectionWrapper@15104646, commitOnRelease=false, closeOnRelease=false, closeOnTxnEnd=true]" en resource "tx" con isolación "read-committed" y auto-commit=false
19:06:10,071 (AWT-EventQueue-0) DEBUG [DataNucleus.Transaction] - Running enlist operation on resource: org.datanucleus.store.rdbms.ConnectionFactoryImpl$EmulatedXAResource@623a3b2f, error code TMNOFLAGS and transaction [DataNucleus Transaction, ID=-1486791416-2, enlisted resources=[]]
19:06:10,071 (AWT-EventQueue-0) DEBUG [DataNucleus.Datastore] - Utilizando PreparedStatement "org.datanucleus.store.rdbms.ParamLoggingPreparedStatement@5ac104d7" para la conneccion "org.datanucleus.store.rdbms.datasource.dbcp2.PoolingDataSource$PoolGuardConnectionWrapper@15104646"
19:06:10,071 (AWT-EventQueue-0) DEBUG [DataNucleus.Datastore.Native] - INSERT INTO ROL(id, nombre) values (<34>, <'Administrador'>)
19:06:10,181 (AWT-EventQueue-0) DEBUG [DataNucleus.Datastore] - Cerrando PreparedStatement "org.datanucleus.store.rdbms.ParamLoggingPreparedStatement@5ac104d7"
19:06:10,181 (AWT-EventQueue-0) DEBUG [DataNucleus.Transaction] - Haciendo rollback de la transacción para el ExecutionContext org.datanucleus.ExecutionContextImpl@5557d030
19:06:10,181 (AWT-EventQueue-0) DEBUG [DataNucleus.Transaction] - Rolling back [DataNucleus Transaction, ID=-1486791416-2, enlisted resources=[org.datanucleus.store.rdbms.ConnectionFactoryImpl$EmulatedXAResource@623a3b2f]]
19:06:10,181 (AWT-EventQueue-0) DEBUG [DataNucleus.Connection] - ManagedConnection VA A ROLLBACK : "org.datanucleus.store.rdbms.ConnectionFactoryImpl$ManagedConnectionImpl@2946e00d [conn=org.datanucleus.store.rdbms.datasource.dbcp2.PoolingDataSource$PoolGuardConnectionWrapper@15104646, commitOnRelease=false, closeOnRelease=false, closeOnTxnEnd=true]"
19:06:10,227 (AWT-EventQueue-0) DEBUG [DataNucleus.Connection] - ManagedConnection CERRADO : "org.datanucleus.store.rdbms.ConnectionFactoryImpl$ManagedConnectionImpl@2946e00d [conn=org.datanucleus.store.rdbms.datasource.dbcp2.PoolingDataSource$PoolGuardConnectionWrapper@15104646, commitOnRelease=false, closeOnRelease=false, closeOnTxnEnd=true]" 
19:06:10,290 (AWT-EventQueue-0) DEBUG [DataNucleus.Transaction] - Transacción rolled back en 109 ms
19:06:10,290 (AWT-EventQueue-0) DEBUG [DataNucleus.Persistence] - ExecutionContext "org.datanucleus.ExecutionContextImpl@5557d030" se cerró
19:06:10,290 (AWT-EventQueue-0) DEBUG [DataNucleus.Persistence] - ExecutionContext "org.datanucleus.ExecutionContextImpl@5557d030" se abrió para la base de datos "org.datanucleus.store.rdbms.RDBMSStoreManager@6df83dec" con transaccion="org.datanucleus.TransactionImpl@4d745bbf"
19:06:10,290 (AWT-EventQueue-0) DEBUG [DataNucleus.Query] - Query de SQL : "SELECT * FROM ROL WHERE nombre = ?"
19:06:10,290 (AWT-EventQueue-0) DEBUG [DataNucleus.Connection] - ManagedConnection ABIERTO : "org.datanucleus.store.rdbms.ConnectionFactoryImpl$ManagedConnectionImpl@74212822 [conn=org.datanucleus.store.rdbms.datasource.dbcp2.PoolingDataSource$PoolGuardConnectionWrapper@26946dcd, commitOnRelease=true, closeOnRelease=true, closeOnTxnEnd=true]" en resource "nontx" con isolación "read-committed" y auto-commit=false
19:06:10,290 (AWT-EventQueue-0) DEBUG [DataNucleus.Datastore] - Utilizando PreparedStatement "oracle.jdbc.driver.OraclePreparedStatementWrapper@49527303" para la conneccion "org.datanucleus.store.rdbms.datasource.dbcp2.PoolingDataSource$PoolGuardConnectionWrapper@26946dcd"
19:06:10,290 (AWT-EventQueue-0) DEBUG [DataNucleus.Datastore.Native] - SELECT * FROM ROL WHERE nombre = <'Administrador'>
19:06:10,337 (AWT-EventQueue-0) DEBUG [DataNucleus.Datastore.Retrieve] - SQL Tiempo de cumplir = 47 ms
19:06:10,337 (AWT-EventQueue-0) DEBUG [DataNucleus.Connection] - ManagedConnection VA A COMMIT : "org.datanucleus.store.rdbms.ConnectionFactoryImpl$ManagedConnectionImpl@74212822 [conn=org.datanucleus.store.rdbms.datasource.dbcp2.PoolingDataSource$PoolGuardConnectionWrapper@26946dcd, commitOnRelease=true, closeOnRelease=true, closeOnTxnEnd=true]"
19:06:10,399 (AWT-EventQueue-0) DEBUG [DataNucleus.Query] - Leyendo los resultados del query "org.datanucleus.store.rdbms.query.SQLQuery@c96cb53e" como la conneccion va a cerrar o cometer
19:06:10,399 (AWT-EventQueue-0) DEBUG [DataNucleus.Query] - La clase de resultado "uniandes.isis2304.EPSAndes.negocio.Rol" no tiene un constructor con arguments de tipos [class java.math.BigDecimal, class java.lang.String]
19:06:10,399 (AWT-EventQueue-0) ERROR [DataNucleus.Query] - El Query tenia que devolver objetos de tipo "uniandes.isis2304.EPSAndes.negocio.Rol" pero era imposible crear nueva instancia de este tipo! La clase de resultado necesita un constructor sin argumentos.
19:06:10,399 (AWT-EventQueue-0) WARN  [DataNucleus.Query] - Exception thrown while loading remaining rows of query : El Query tenia que devolver objetos de tipo "uniandes.isis2304.EPSAndes.negocio.Rol" pero era imposible crear nueva instancia de este tipo! La clase de resultado necesita un constructor sin argumentos.
19:06:10,399 (AWT-EventQueue-0) DEBUG [DataNucleus.Connection] - ManagedConnection CERRADO : "org.datanucleus.store.rdbms.ConnectionFactoryImpl$ManagedConnectionImpl@74212822 [conn=org.datanucleus.store.rdbms.datasource.dbcp2.PoolingDataSource$PoolGuardConnectionWrapper@26946dcd, commitOnRelease=true, closeOnRelease=true, closeOnTxnEnd=true]" 
19:06:20,881 (AWT-EventQueue-0) DEBUG [DataNucleus.Persistence] - ExecutionContext "org.datanucleus.ExecutionContextImpl@32ced35c" se abrió para la base de datos "org.datanucleus.store.rdbms.RDBMSStoreManager@6df83dec" con transaccion="org.datanucleus.TransactionImpl@44be647c"
19:06:20,881 (AWT-EventQueue-0) DEBUG [DataNucleus.Transaction] - Transaction created [DataNucleus Transaction, ID=-1486791416-3, enlisted resources=[]]
19:06:20,881 (AWT-EventQueue-0) DEBUG [DataNucleus.Transaction] - Transacción empezada para el ExecutionContext org.datanucleus.ExecutionContextImpl@32ced35c (optimistic=false)
19:06:20,881 (AWT-EventQueue-0) DEBUG [DataNucleus.Persistence] - ExecutionContext "org.datanucleus.ExecutionContextImpl@3ea89627" se abrió para la base de datos "org.datanucleus.store.rdbms.RDBMSStoreManager@6df83dec" con transaccion="org.datanucleus.TransactionImpl@7a38e69d"
19:06:20,881 (AWT-EventQueue-0) DEBUG [DataNucleus.Query] - Query de SQL : "SELECT Parranderos_sequence.nextval FROM DUAL"
19:06:20,881 (AWT-EventQueue-0) DEBUG [DataNucleus.Connection] - ManagedConnection ABIERTO : "org.datanucleus.store.rdbms.ConnectionFactoryImpl$ManagedConnectionImpl@49133667 [conn=org.datanucleus.store.rdbms.datasource.dbcp2.PoolingDataSource$PoolGuardConnectionWrapper@33f098cc, commitOnRelease=true, closeOnRelease=true, closeOnTxnEnd=true]" en resource "nontx" con isolación "read-committed" y auto-commit=false
19:06:20,881 (AWT-EventQueue-0) DEBUG [DataNucleus.Datastore] - Utilizando PreparedStatement "oracle.jdbc.driver.OraclePreparedStatementWrapper@e419c21" para la conneccion "org.datanucleus.store.rdbms.datasource.dbcp2.PoolingDataSource$PoolGuardConnectionWrapper@33f098cc"
19:06:20,881 (AWT-EventQueue-0) DEBUG [DataNucleus.Datastore.Native] - SELECT Parranderos_sequence.nextval FROM DUAL
19:06:20,944 (AWT-EventQueue-0) DEBUG [DataNucleus.Datastore.Retrieve] - SQL Tiempo de cumplir = 63 ms
19:06:20,944 (AWT-EventQueue-0) DEBUG [DataNucleus.Connection] - ManagedConnection VA A COMMIT : "org.datanucleus.store.rdbms.ConnectionFactoryImpl$ManagedConnectionImpl@49133667 [conn=org.datanucleus.store.rdbms.datasource.dbcp2.PoolingDataSource$PoolGuardConnectionWrapper@33f098cc, commitOnRelease=true, closeOnRelease=true, closeOnTxnEnd=true]"
19:06:20,991 (AWT-EventQueue-0) DEBUG [DataNucleus.Query] - Leyendo los resultados del query "org.datanucleus.store.rdbms.query.SQLQuery@9d0ccf8e" como la conneccion va a cerrar o cometer
19:06:20,991 (AWT-EventQueue-0) DEBUG [DataNucleus.Connection] - ManagedConnection CERRADO : "org.datanucleus.store.rdbms.ConnectionFactoryImpl$ManagedConnectionImpl@49133667 [conn=org.datanucleus.store.rdbms.datasource.dbcp2.PoolingDataSource$PoolGuardConnectionWrapper@33f098cc, commitOnRelease=true, closeOnRelease=true, closeOnTxnEnd=true]" 
19:06:21,069 (AWT-EventQueue-0) DEBUG [DataNucleus.Query] - Query de SQL : "INSERT INTO ROL(id, nombre) values (?, ?)"
19:06:21,069 (AWT-EventQueue-0) DEBUG [DataNucleus.Connection] - ManagedConnection ABIERTO : "org.datanucleus.store.rdbms.ConnectionFactoryImpl$ManagedConnectionImpl@33f99468 [conn=org.datanucleus.store.rdbms.datasource.dbcp2.PoolingDataSource$PoolGuardConnectionWrapper@31dba6a2, commitOnRelease=false, closeOnRelease=false, closeOnTxnEnd=true]" en resource "tx" con isolación "read-committed" y auto-commit=false
19:06:21,069 (AWT-EventQueue-0) DEBUG [DataNucleus.Transaction] - Running enlist operation on resource: org.datanucleus.store.rdbms.ConnectionFactoryImpl$EmulatedXAResource@22316f14, error code TMNOFLAGS and transaction [DataNucleus Transaction, ID=-1486791416-3, enlisted resources=[]]
19:06:21,069 (AWT-EventQueue-0) DEBUG [DataNucleus.Datastore] - Utilizando PreparedStatement "org.datanucleus.store.rdbms.ParamLoggingPreparedStatement@1bfc1564" para la conneccion "org.datanucleus.store.rdbms.datasource.dbcp2.PoolingDataSource$PoolGuardConnectionWrapper@31dba6a2"
19:06:21,069 (AWT-EventQueue-0) DEBUG [DataNucleus.Datastore.Native] - INSERT INTO ROL(id, nombre) values (<35>, <'Administrador'>)
19:06:21,256 (AWT-EventQueue-0) DEBUG [DataNucleus.Datastore] - Cerrando PreparedStatement "org.datanucleus.store.rdbms.ParamLoggingPreparedStatement@1bfc1564"
19:06:21,256 (AWT-EventQueue-0) DEBUG [DataNucleus.Transaction] - Haciendo rollback de la transacción para el ExecutionContext org.datanucleus.ExecutionContextImpl@32ced35c
19:06:21,256 (AWT-EventQueue-0) DEBUG [DataNucleus.Transaction] - Rolling back [DataNucleus Transaction, ID=-1486791416-3, enlisted resources=[org.datanucleus.store.rdbms.ConnectionFactoryImpl$EmulatedXAResource@22316f14]]
19:06:21,256 (AWT-EventQueue-0) DEBUG [DataNucleus.Connection] - ManagedConnection VA A ROLLBACK : "org.datanucleus.store.rdbms.ConnectionFactoryImpl$ManagedConnectionImpl@33f99468 [conn=org.datanucleus.store.rdbms.datasource.dbcp2.PoolingDataSource$PoolGuardConnectionWrapper@31dba6a2, commitOnRelease=false, closeOnRelease=false, closeOnTxnEnd=true]"
19:06:21,366 (AWT-EventQueue-0) DEBUG [DataNucleus.Connection] - ManagedConnection CERRADO : "org.datanucleus.store.rdbms.ConnectionFactoryImpl$ManagedConnectionImpl@33f99468 [conn=org.datanucleus.store.rdbms.datasource.dbcp2.PoolingDataSource$PoolGuardConnectionWrapper@31dba6a2, commitOnRelease=false, closeOnRelease=false, closeOnTxnEnd=true]" 
19:06:21,444 (AWT-EventQueue-0) DEBUG [DataNucleus.Transaction] - Transacción rolled back en 188 ms
19:06:21,444 (AWT-EventQueue-0) DEBUG [DataNucleus.Persistence] - ExecutionContext "org.datanucleus.ExecutionContextImpl@32ced35c" se cerró
19:06:21,444 (AWT-EventQueue-0) DEBUG [DataNucleus.Persistence] - ExecutionContext "org.datanucleus.ExecutionContextImpl@32ced35c" se abrió para la base de datos "org.datanucleus.store.rdbms.RDBMSStoreManager@6df83dec" con transaccion="org.datanucleus.TransactionImpl@777e5e0f"
19:06:21,444 (AWT-EventQueue-0) DEBUG [DataNucleus.Query] - Query de SQL : "SELECT * FROM ROL WHERE nombre = ?"
19:06:21,444 (AWT-EventQueue-0) DEBUG [DataNucleus.Connection] - ManagedConnection ABIERTO : "org.datanucleus.store.rdbms.ConnectionFactoryImpl$ManagedConnectionImpl@76d521b4 [conn=org.datanucleus.store.rdbms.datasource.dbcp2.PoolingDataSource$PoolGuardConnectionWrapper@df95d3f, commitOnRelease=true, closeOnRelease=true, closeOnTxnEnd=true]" en resource "nontx" con isolación "read-committed" y auto-commit=false
19:06:21,444 (AWT-EventQueue-0) DEBUG [DataNucleus.Datastore] - Utilizando PreparedStatement "oracle.jdbc.driver.OraclePreparedStatementWrapper@872e4a9" para la conneccion "org.datanucleus.store.rdbms.datasource.dbcp2.PoolingDataSource$PoolGuardConnectionWrapper@df95d3f"
19:06:21,444 (AWT-EventQueue-0) DEBUG [DataNucleus.Datastore.Native] - SELECT * FROM ROL WHERE nombre = <'Administrador'>
19:06:21,506 (AWT-EventQueue-0) DEBUG [DataNucleus.Datastore.Retrieve] - SQL Tiempo de cumplir = 62 ms
19:06:21,506 (AWT-EventQueue-0) DEBUG [DataNucleus.Connection] - ManagedConnection VA A COMMIT : "org.datanucleus.store.rdbms.ConnectionFactoryImpl$ManagedConnectionImpl@76d521b4 [conn=org.datanucleus.store.rdbms.datasource.dbcp2.PoolingDataSource$PoolGuardConnectionWrapper@df95d3f, commitOnRelease=true, closeOnRelease=true, closeOnTxnEnd=true]"
19:06:21,584 (AWT-EventQueue-0) DEBUG [DataNucleus.Query] - Leyendo los resultados del query "org.datanucleus.store.rdbms.query.SQLQuery@c96cb53e" como la conneccion va a cerrar o cometer
19:06:21,584 (AWT-EventQueue-0) DEBUG [DataNucleus.Query] - La clase de resultado "uniandes.isis2304.EPSAndes.negocio.Rol" no tiene un constructor con arguments de tipos [class java.math.BigDecimal, class java.lang.String]
19:06:21,584 (AWT-EventQueue-0) ERROR [DataNucleus.Query] - El Query tenia que devolver objetos de tipo "uniandes.isis2304.EPSAndes.negocio.Rol" pero era imposible crear nueva instancia de este tipo! La clase de resultado necesita un constructor sin argumentos.
19:06:21,584 (AWT-EventQueue-0) WARN  [DataNucleus.Query] - Exception thrown while loading remaining rows of query : El Query tenia que devolver objetos de tipo "uniandes.isis2304.EPSAndes.negocio.Rol" pero era imposible crear nueva instancia de este tipo! La clase de resultado necesita un constructor sin argumentos.
19:06:21,584 (AWT-EventQueue-0) DEBUG [DataNucleus.Connection] - ManagedConnection CERRADO : "org.datanucleus.store.rdbms.ConnectionFactoryImpl$ManagedConnectionImpl@76d521b4 [conn=org.datanucleus.store.rdbms.datasource.dbcp2.PoolingDataSource$PoolGuardConnectionWrapper@df95d3f, commitOnRelease=true, closeOnRelease=true, closeOnTxnEnd=true]" 
