14:23:51,752 (main) INFO  [uniandes.isis2304.EPSAndes.interfazDemo.InterfazEPSAndesDemo] - Se encontró un archivo de configuración válido: Interfaz
14:23:51,752 (main) INFO  [uniandes.isis2304.EPSAndes.interfazDemo.InterfazEPSAndesDemo] - Se aplica configuración indicada en el archivo de configuración
14:23:51,769 (main) INFO  [uniandes.isis2304.EPSAndes.interfazDemo.InterfazEPSAndesDemo] - Se encontró un archivo de configuración válido: Tablas BD
14:23:57,576 (AWT-EventQueue-0) INFO  [uniandes.isis2304.EPSAndes.negocio.Parranderos] - Adicionando rol: Administrador
14:23:58,450 (AWT-EventQueue-0) INFO  [uniandes.isis2304.EPSAndes.negocio.Parranderos] - Adicionando rol: uniandes.isis2304.EPSAndes.negocio.Rol@4c2fea09
14:23:58,450 (AWT-EventQueue-0) INFO  [uniandes.isis2304.EPSAndes.negocio.Parranderos] - Generando los VO de roles
14:24:46,861 (main) INFO  [uniandes.isis2304.EPSAndes.interfazDemo.InterfazEPSAndesDemo] - Se encontró un archivo de configuración válido: Interfaz
14:24:46,861 (main) INFO  [uniandes.isis2304.EPSAndes.interfazDemo.InterfazEPSAndesDemo] - Se aplica configuración indicada en el archivo de configuración
14:24:46,878 (main) INFO  [uniandes.isis2304.EPSAndes.interfazDemo.InterfazEPSAndesDemo] - Se encontró un archivo de configuración válido: Tablas BD
14:24:52,345 (AWT-EventQueue-0) INFO  [uniandes.isis2304.EPSAndes.negocio.Parranderos] - Adicionando Tipo de bebida: Vino tinto
14:24:53,215 (AWT-EventQueue-0) INFO  [uniandes.isis2304.EPSAndes.negocio.Parranderos] - Adicionando Tipo de bebida: TipoBebida [id=246, nombre=Vino tinto]
14:24:53,216 (AWT-EventQueue-0) INFO  [uniandes.isis2304.EPSAndes.negocio.Parranderos] - Generando los VO de Tipos de bebida
14:24:53,555 (AWT-EventQueue-0) INFO  [uniandes.isis2304.EPSAndes.negocio.Parranderos] - Generando los VO de Tipos de bebida: 1 existentes
14:24:53,555 (AWT-EventQueue-0) INFO  [uniandes.isis2304.EPSAndes.negocio.Parranderos] - Eliminando Tipo de bebida por id: 246
14:24:53,695 (AWT-EventQueue-0) INFO  [uniandes.isis2304.EPSAndes.negocio.Parranderos] - Eliminando Tipo de bebida por id: 1 tuplas eliminadas
14:44:34,228 (main) INFO  [uniandes.isis2304.EPSAndes.interfazDemo.InterfazEPSAndesDemo] - Se encontró un archivo de configuración válido: Interfaz
14:44:34,228 (main) INFO  [uniandes.isis2304.EPSAndes.interfazDemo.InterfazEPSAndesDemo] - Se aplica configuración indicada en el archivo de configuración
14:44:34,246 (main) INFO  [uniandes.isis2304.EPSAndes.interfazDemo.InterfazEPSAndesDemo] - Se encontró un archivo de configuración válido: Tablas BD
14:44:39,914 (AWT-EventQueue-0) INFO  [uniandes.isis2304.EPSAndes.negocio.Parranderos] - Adicionando Tipo de bebida: Vino tinto
14:44:40,815 (AWT-EventQueue-0) INFO  [uniandes.isis2304.EPSAndes.negocio.Parranderos] - Adicionando Tipo de bebida: TipoBebida [id=247, nombre=Vino tinto]
14:44:40,816 (AWT-EventQueue-0) INFO  [uniandes.isis2304.EPSAndes.negocio.Parranderos] - Generando los VO de Tipos de bebida
14:44:41,108 (AWT-EventQueue-0) INFO  [uniandes.isis2304.EPSAndes.negocio.Parranderos] - Generando los VO de Tipos de bebida: 1 existentes
14:44:41,108 (AWT-EventQueue-0) INFO  [uniandes.isis2304.EPSAndes.negocio.Parranderos] - Eliminando Tipo de bebida por id: 247
14:44:41,254 (AWT-EventQueue-0) INFO  [uniandes.isis2304.EPSAndes.negocio.Parranderos] - Eliminando Tipo de bebida por id: 1 tuplas eliminadas
15:07:24,999 (main) INFO  [uniandes.isis2304.EPSAndes.interfazDemo.InterfazEPSAndesDemo] - Se encontró un archivo de configuración válido: Interfaz
15:07:24,999 (main) INFO  [uniandes.isis2304.EPSAndes.interfazDemo.InterfazEPSAndesDemo] - Se aplica configuración indicada en el archivo de configuración
15:07:25,018 (main) INFO  [uniandes.isis2304.EPSAndes.interfazDemo.InterfazEPSAndesDemo] - Se encontró un archivo de configuración válido: Tablas BD
15:07:30,078 (AWT-EventQueue-0) INFO  [uniandes.isis2304.EPSAndes.negocio.Parranderos] - Adicionando Rol: Vino tinto
15:07:30,973 (AWT-EventQueue-0) INFO  [uniandes.isis2304.EPSAndes.negocio.Parranderos] - Adicionando Rol: Rol [id=248, nombre=Vino tinto]
15:07:30,973 (AWT-EventQueue-0) INFO  [uniandes.isis2304.EPSAndes.negocio.Parranderos] - Generando los VO de Roles
15:07:31,519 (AWT-EventQueue-0) INFO  [uniandes.isis2304.EPSAndes.negocio.Parranderos] - Generando los VO de Tipos de bebida: 2 existentes
15:07:31,519 (AWT-EventQueue-0) INFO  [uniandes.isis2304.EPSAndes.negocio.Parranderos] - Eliminando Rol por id: 248
15:07:31,662 (AWT-EventQueue-0) INFO  [uniandes.isis2304.EPSAndes.negocio.Parranderos] - Eliminando Rol por id: 1 tuplas eliminadas
15:10:52,038 (main) INFO  [uniandes.isis2304.EPSAndes.interfazDemo.InterfazEPSAndesDemo] - Se encontró un archivo de configuración válido: Interfaz
15:10:52,038 (main) INFO  [uniandes.isis2304.EPSAndes.interfazDemo.InterfazEPSAndesDemo] - Se aplica configuración indicada en el archivo de configuración
15:10:52,059 (main) INFO  [uniandes.isis2304.EPSAndes.interfazDemo.InterfazEPSAndesDemo] - Se encontró un archivo de configuración válido: Tablas BD
15:10:58,235 (AWT-EventQueue-0) INFO  [uniandes.isis2304.EPSAndes.negocio.Parranderos] - Adicionando Rol: Gerente
15:10:59,103 (AWT-EventQueue-0) INFO  [uniandes.isis2304.EPSAndes.negocio.Parranderos] - Adicionando Rol: Rol [id=249, nombre=Gerente]
15:10:59,103 (AWT-EventQueue-0) INFO  [uniandes.isis2304.EPSAndes.negocio.Parranderos] - Generando los VO de Roles
15:10:59,376 (AWT-EventQueue-0) INFO  [uniandes.isis2304.EPSAndes.negocio.Parranderos] - Generando los VO de Tipos de bebida: 1 existentes
15:10:59,377 (AWT-EventQueue-0) INFO  [uniandes.isis2304.EPSAndes.negocio.Parranderos] - Eliminando Rol por id: 249
15:10:59,516 (AWT-EventQueue-0) INFO  [uniandes.isis2304.EPSAndes.negocio.Parranderos] - Eliminando Rol por id: 1 tuplas eliminadas
15:14:55,104 (main) INFO  [uniandes.isis2304.EPSAndes.interfazDemo.InterfazEPSAndesDemo] - Se encontró un archivo de configuración válido: Interfaz
15:14:55,105 (main) INFO  [uniandes.isis2304.EPSAndes.interfazDemo.InterfazEPSAndesDemo] - Se aplica configuración indicada en el archivo de configuración
15:14:55,123 (main) INFO  [uniandes.isis2304.EPSAndes.interfazDemo.InterfazEPSAndesDemo] - Se encontró un archivo de configuración válido: Tablas BD
16:25:10,582 (main) INFO  [uniandes.isis2304.EPSAndes.interfazDemo.InterfazEPSAndesDemo] - Se encontró un archivo de configuración válido: Interfaz
16:25:10,583 (main) INFO  [uniandes.isis2304.EPSAndes.interfazDemo.InterfazEPSAndesDemo] - Se aplica configuración indicada en el archivo de configuración
16:25:10,623 (main) INFO  [uniandes.isis2304.EPSAndes.interfazDemo.InterfazEPSAndesDemo] - Se encontró un archivo de configuración válido: Tablas BD
16:25:43,041 (main) INFO  [uniandes.isis2304.EPSAndes.interfazDemo.InterfazEPSAndesDemo] - Se encontró un archivo de configuración válido: Interfaz
16:25:43,042 (main) INFO  [uniandes.isis2304.EPSAndes.interfazDemo.InterfazEPSAndesDemo] - Se aplica configuración indicada en el archivo de configuración
16:25:43,058 (main) INFO  [uniandes.isis2304.EPSAndes.interfazDemo.InterfazEPSAndesDemo] - Se encontró un archivo de configuración válido: Tablas BD
16:26:32,988 (main) INFO  [uniandes.isis2304.EPSAndes.interfazDemo.InterfazEPSAndesDemo] - Se encontró un archivo de configuración válido: Interfaz
16:26:32,988 (main) INFO  [uniandes.isis2304.EPSAndes.interfazDemo.InterfazEPSAndesDemo] - Se aplica configuración indicada en el archivo de configuración
16:26:33,006 (main) INFO  [uniandes.isis2304.EPSAndes.interfazDemo.InterfazEPSAndesDemo] - Se encontró un archivo de configuración válido: Tablas BD
16:26:40,977 (AWT-EventQueue-0) INFO  [uniandes.isis2304.EPSAndes.negocio.Parranderos] - Adicionando Rol: Gerente
16:26:43,120 (AWT-EventQueue-0) INFO  [uniandes.isis2304.EPSAndes.negocio.Parranderos] - Adicionando Rol: Rol [id=250, nombre=Gerente]
16:26:43,121 (AWT-EventQueue-0) INFO  [uniandes.isis2304.EPSAndes.negocio.Parranderos] - Generando los VO de Roles
16:26:43,687 (AWT-EventQueue-0) INFO  [uniandes.isis2304.EPSAndes.negocio.Parranderos] - Generando los VO de Tipos de bebida: 1 existentes
16:26:43,688 (AWT-EventQueue-0) INFO  [uniandes.isis2304.EPSAndes.negocio.Parranderos] - Eliminando Rol por id: 250
16:26:43,883 (AWT-EventQueue-0) INFO  [uniandes.isis2304.EPSAndes.negocio.Parranderos] - Eliminando Rol por id: 1 tuplas eliminadas
16:27:13,487 (main) INFO  [uniandes.isis2304.EPSAndes.interfazDemo.InterfazEPSAndesDemo] - Se encontró un archivo de configuración válido: Interfaz
16:27:13,487 (main) INFO  [uniandes.isis2304.EPSAndes.interfazDemo.InterfazEPSAndesDemo] - Se aplica configuración indicada en el archivo de configuración
16:27:13,508 (main) INFO  [uniandes.isis2304.EPSAndes.interfazDemo.InterfazEPSAndesDemo] - Se encontró un archivo de configuración válido: Tablas BD
16:27:24,009 (AWT-EventQueue-0) INFO  [uniandes.isis2304.EPSAndes.negocio.Parranderos] - Generando los VO de Roles
16:27:24,565 (AWT-EventQueue-0) INFO  [uniandes.isis2304.EPSAndes.negocio.Parranderos] - Generando los VO de Tipos de bebida: 5 existentes
16:28:59,804 (main) INFO  [uniandes.isis2304.EPSAndes.interfazDemo.InterfazEPSAndesDemo] - Se encontró un archivo de configuración válido: Interfaz
16:28:59,805 (main) INFO  [uniandes.isis2304.EPSAndes.interfazDemo.InterfazEPSAndesDemo] - Se aplica configuración indicada en el archivo de configuración
16:28:59,823 (main) INFO  [uniandes.isis2304.EPSAndes.interfazDemo.InterfazEPSAndesDemo] - Se encontró un archivo de configuración válido: Tablas BD
16:29:42,485 (main) INFO  [uniandes.isis2304.EPSAndes.interfazDemo.InterfazEPSAndesDemo] - Se encontró un archivo de configuración válido: Interfaz
16:29:42,486 (main) INFO  [uniandes.isis2304.EPSAndes.interfazDemo.InterfazEPSAndesDemo] - Se aplica configuración indicada en el archivo de configuración
16:29:42,503 (main) INFO  [uniandes.isis2304.EPSAndes.interfazDemo.InterfazEPSAndesDemo] - Se encontró un archivo de configuración válido: Tablas BD
16:29:49,759 (AWT-EventQueue-0) ERROR [uniandes.isis2304.EPSAndes.persistencia.PersistenciaEPSAndes] - Exception : Error con la ejecucion de Query de SQL "INSERT INTO ROL(id, nombre) values (?, ?)".
ORA-00001: restricción única (ISIS2304D201920.UN_ROL_NOMBRE) violada

16:29:50,376 (AWT-EventQueue-0) ERROR [uniandes.isis2304.EPSAndes.persistencia.PersistenciaEPSAndes] - Exception : Error con la ejecucion de Query de SQL "INSERT INTO ROL(id, nombre) values (?, ?)".
ORA-00001: restricción única (ISIS2304D201920.UN_ROL_NOMBRE) violada

16:29:50,710 (AWT-EventQueue-0) ERROR [uniandes.isis2304.EPSAndes.persistencia.PersistenciaEPSAndes] - Exception : Error con la ejecucion de Query de SQL "INSERT INTO ROL(id, nombre) values (?, ?)".
ORA-00001: restricción única (ISIS2304D201920.UN_ROL_NOMBRE) violada

16:29:51,080 (AWT-EventQueue-0) ERROR [uniandes.isis2304.EPSAndes.persistencia.PersistenciaEPSAndes] - Exception : Error con la ejecucion de Query de SQL "INSERT INTO ROL(id, nombre) values (?, ?)".
ORA-00001: restricción única (ISIS2304D201920.UN_ROL_NOMBRE) violada

16:29:51,391 (AWT-EventQueue-0) ERROR [uniandes.isis2304.EPSAndes.persistencia.PersistenciaEPSAndes] - Exception : Error con la ejecucion de Query de SQL "INSERT INTO ROL(id, nombre) values (?, ?)".
ORA-00001: restricción única (ISIS2304D201920.UN_ROL_NOMBRE) violada

16:29:51,478 (AWT-EventQueue-0) INFO  [uniandes.isis2304.EPSAndes.negocio.Parranderos] - Generando los VO de Roles
16:29:51,762 (AWT-EventQueue-0) INFO  [uniandes.isis2304.EPSAndes.negocio.Parranderos] - Generando los VO de Tipos de bebida: 5 existentes
16:30:56,409 (main) INFO  [uniandes.isis2304.EPSAndes.interfazDemo.InterfazEPSAndesDemo] - Se encontró un archivo de configuración válido: Interfaz
16:30:56,409 (main) INFO  [uniandes.isis2304.EPSAndes.interfazDemo.InterfazEPSAndesDemo] - Se aplica configuración indicada en el archivo de configuración
16:30:56,429 (main) INFO  [uniandes.isis2304.EPSAndes.interfazDemo.InterfazEPSAndesDemo] - Se encontró un archivo de configuración válido: Tablas BD
16:31:04,846 (AWT-EventQueue-0) INFO  [uniandes.isis2304.EPSAndes.negocio.Parranderos] - Generando los VO de Roles
16:31:05,132 (AWT-EventQueue-0) INFO  [uniandes.isis2304.EPSAndes.negocio.Parranderos] - Generando los VO de Tipos de bebida: 5 existentes
17:13:58,134 (main) INFO  [uniandes.isis2304.EPSAndes.interfazDemo.InterfazEPSAndesDemo] - Se encontró un archivo de configuración válido: Interfaz
17:13:58,147 (main) INFO  [uniandes.isis2304.EPSAndes.interfazDemo.InterfazEPSAndesDemo] - Se aplica configuración indicada en el archivo de configuración
17:13:58,215 (main) INFO  [uniandes.isis2304.EPSAndes.interfazDemo.InterfazEPSAndesDemo] - Se encontró un archivo de configuración válido: Tablas BD
17:14:06,989 (AWT-EventQueue-0) INFO  [uniandes.isis2304.EPSAndes.negocio.Parranderos] - Generando los VO de Roles
17:14:07,546 (AWT-EventQueue-0) INFO  [uniandes.isis2304.EPSAndes.negocio.Parranderos] - Generando los VO de Tipos de bebida: 5 existentes
19:56:30,165 (main) INFO  [uniandes.isis2304.EPSAndes.interfazDemo.InterfazEPSAndesDemo] - Se encontró un archivo de configuración válido: Interfaz
19:56:30,165 (main) INFO  [uniandes.isis2304.EPSAndes.interfazDemo.InterfazEPSAndesDemo] - Se aplica configuración indicada en el archivo de configuración
19:56:30,183 (main) INFO  [uniandes.isis2304.EPSAndes.interfazDemo.InterfazEPSAndesDemo] - Se encontró un archivo de configuración válido: Tablas BD
19:57:03,539 (main) INFO  [uniandes.isis2304.EPSAndes.interfazDemo.InterfazEPSAndesDemo] - Se encontró un archivo de configuración válido: Interfaz
19:57:03,540 (main) INFO  [uniandes.isis2304.EPSAndes.interfazDemo.InterfazEPSAndesDemo] - Se aplica configuración indicada en el archivo de configuración
19:57:03,563 (main) INFO  [uniandes.isis2304.EPSAndes.interfazDemo.InterfazEPSAndesDemo] - Se encontró un archivo de configuración válido: Tablas BD
20:00:21,434 (main) INFO  [uniandes.isis2304.EPSAndes.interfazDemo.InterfazEPSAndesDemo] - Se encontró un archivo de configuración válido: Interfaz
20:00:21,434 (main) INFO  [uniandes.isis2304.EPSAndes.interfazDemo.InterfazEPSAndesDemo] - Se aplica configuración indicada en el archivo de configuración
20:00:21,452 (main) INFO  [uniandes.isis2304.EPSAndes.interfazDemo.InterfazEPSAndesDemo] - Se encontró un archivo de configuración válido: Tablas BD
20:00:30,984 (AWT-EventQueue-0) ERROR [uniandes.isis2304.EPSAndes.persistencia.PersistenciaEPSAndes] - Exception : Error con la ejecucion de Query de SQL "INSERT INTO ROL(id, nombre) values (?, ?)".
ORA-00942: la tabla o vista no existe

20:00:31,309 (AWT-EventQueue-0) ERROR [uniandes.isis2304.EPSAndes.persistencia.PersistenciaEPSAndes] - Exception : Error con la ejecucion de Query de SQL "INSERT INTO ROL(id, nombre) values (?, ?)".
ORA-00942: la tabla o vista no existe

20:00:31,939 (AWT-EventQueue-0) ERROR [uniandes.isis2304.EPSAndes.persistencia.PersistenciaEPSAndes] - Exception : Error con la ejecucion de Query de SQL "INSERT INTO ROL(id, nombre) values (?, ?)".
ORA-00942: la tabla o vista no existe

20:00:33,326 (AWT-EventQueue-0) ERROR [uniandes.isis2304.EPSAndes.persistencia.PersistenciaEPSAndes] - Exception : Error con la ejecucion de Query de SQL "INSERT INTO ROL(id, nombre) values (?, ?)".
ORA-00942: la tabla o vista no existe

20:00:34,372 (AWT-EventQueue-0) ERROR [uniandes.isis2304.EPSAndes.persistencia.PersistenciaEPSAndes] - Exception : Error con la ejecucion de Query de SQL "INSERT INTO ROL(id, nombre) values (?, ?)".
ORA-00942: la tabla o vista no existe

20:00:34,612 (AWT-EventQueue-0) INFO  [uniandes.isis2304.EPSAndes.negocio.Parranderos] - Generando los VO de Roles
20:01:53,669 (AWT-EventQueue-0) INFO  [uniandes.isis2304.EPSAndes.negocio.Parranderos] - Generando los VO de Roles
20:01:54,126 (AWT-EventQueue-0) INFO  [uniandes.isis2304.EPSAndes.negocio.Parranderos] - Generando los VO de Tipos de bebida: 5 existentes
20:02:34,913 (AWT-EventQueue-0) ERROR [uniandes.isis2304.EPSAndes.persistencia.PersistenciaEPSAndes] - Exception : Error con la ejecucion de Query de SQL "INSERT INTO ROL(id, nombre) values (?, ?)".
ORA-00001: restricción única (ISIS2304D201920.UN_ROL_NOMBRE) violada

20:02:35,240 (AWT-EventQueue-0) ERROR [uniandes.isis2304.EPSAndes.persistencia.PersistenciaEPSAndes] - Exception : Error con la ejecucion de Query de SQL "INSERT INTO ROL(id, nombre) values (?, ?)".
ORA-00001: restricción única (ISIS2304D201920.UN_ROL_NOMBRE) violada

20:02:35,562 (AWT-EventQueue-0) ERROR [uniandes.isis2304.EPSAndes.persistencia.PersistenciaEPSAndes] - Exception : Error con la ejecucion de Query de SQL "INSERT INTO ROL(id, nombre) values (?, ?)".
ORA-00001: restricción única (ISIS2304D201920.UN_ROL_NOMBRE) violada

20:02:35,904 (AWT-EventQueue-0) ERROR [uniandes.isis2304.EPSAndes.persistencia.PersistenciaEPSAndes] - Exception : Error con la ejecucion de Query de SQL "INSERT INTO ROL(id, nombre) values (?, ?)".
ORA-00001: restricción única (ISIS2304D201920.UN_ROL_NOMBRE) violada

20:02:36,316 (AWT-EventQueue-0) ERROR [uniandes.isis2304.EPSAndes.persistencia.PersistenciaEPSAndes] - Exception : Error con la ejecucion de Query de SQL "INSERT INTO ROL(id, nombre) values (?, ?)".
ORA-00001: restricción única (ISIS2304D201920.UN_ROL_NOMBRE) violada

20:02:36,408 (AWT-EventQueue-0) INFO  [uniandes.isis2304.EPSAndes.negocio.Parranderos] - Generando los VO de Roles
20:02:36,685 (AWT-EventQueue-0) INFO  [uniandes.isis2304.EPSAndes.negocio.Parranderos] - Generando los VO de Tipos de bebida: 5 existentes
20:02:53,346 (AWT-EventQueue-0) INFO  [uniandes.isis2304.EPSAndes.negocio.Parranderos] - Adicionando Tipo de bebida: Vino tinto
20:02:53,624 (AWT-EventQueue-0) INFO  [uniandes.isis2304.EPSAndes.negocio.Parranderos] - Adicionando Tipo de bebida: TipoBebida [id=311, nombre=Vino tinto]
20:02:53,624 (AWT-EventQueue-0) INFO  [uniandes.isis2304.EPSAndes.negocio.Parranderos] - Generando los VO de Tipos de bebida
20:02:53,999 (AWT-EventQueue-0) INFO  [uniandes.isis2304.EPSAndes.negocio.Parranderos] - Generando los VO de Tipos de bebida: 1 existentes
20:02:54,000 (AWT-EventQueue-0) INFO  [uniandes.isis2304.EPSAndes.negocio.Parranderos] - Eliminando Tipo de bebida por id: 311
20:02:54,140 (AWT-EventQueue-0) INFO  [uniandes.isis2304.EPSAndes.negocio.Parranderos] - Eliminando Tipo de bebida por id: 1 tuplas eliminadas
20:02:58,315 (AWT-EventQueue-0) ERROR [uniandes.isis2304.EPSAndes.persistencia.PersistenciaEPSAndes] - Exception : Error con la ejecucion de Query de SQL "INSERT INTO ROL(id, nombre) values (?, ?)".
ORA-00001: restricción única (ISIS2304D201920.UN_ROL_NOMBRE) violada

20:02:58,637 (AWT-EventQueue-0) ERROR [uniandes.isis2304.EPSAndes.persistencia.PersistenciaEPSAndes] - Exception : Error con la ejecucion de Query de SQL "INSERT INTO ROL(id, nombre) values (?, ?)".
ORA-00001: restricción única (ISIS2304D201920.UN_ROL_NOMBRE) violada

20:02:58,976 (AWT-EventQueue-0) ERROR [uniandes.isis2304.EPSAndes.persistencia.PersistenciaEPSAndes] - Exception : Error con la ejecucion de Query de SQL "INSERT INTO ROL(id, nombre) values (?, ?)".
ORA-00001: restricción única (ISIS2304D201920.UN_ROL_NOMBRE) violada

20:02:59,376 (AWT-EventQueue-0) ERROR [uniandes.isis2304.EPSAndes.persistencia.PersistenciaEPSAndes] - Exception : Error con la ejecucion de Query de SQL "INSERT INTO ROL(id, nombre) values (?, ?)".
ORA-00001: restricción única (ISIS2304D201920.UN_ROL_NOMBRE) violada

20:02:59,693 (AWT-EventQueue-0) ERROR [uniandes.isis2304.EPSAndes.persistencia.PersistenciaEPSAndes] - Exception : Error con la ejecucion de Query de SQL "INSERT INTO ROL(id, nombre) values (?, ?)".
ORA-00001: restricción única (ISIS2304D201920.UN_ROL_NOMBRE) violada

20:02:59,782 (AWT-EventQueue-0) INFO  [uniandes.isis2304.EPSAndes.negocio.Parranderos] - Generando los VO de Roles
20:03:00,057 (AWT-EventQueue-0) INFO  [uniandes.isis2304.EPSAndes.negocio.Parranderos] - Generando los VO de Tipos de bebida: 5 existentes
20:28:52,736 (main) INFO  [uniandes.isis2304.EPSAndes.interfazDemo.InterfazEPSAndesDemo] - Se encontró un archivo de configuración válido: Interfaz
20:28:52,737 (main) INFO  [uniandes.isis2304.EPSAndes.interfazDemo.InterfazEPSAndesDemo] - Se aplica configuración indicada en el archivo de configuración
20:28:52,754 (main) INFO  [uniandes.isis2304.EPSAndes.interfazDemo.InterfazEPSAndesDemo] - Se encontró un archivo de configuración válido: Tablas BD
20:29:00,376 (AWT-EventQueue-0) ERROR [uniandes.isis2304.EPSAndes.persistencia.PersistenciaEPSAndes] - Exception : Error con la ejecucion de Query de SQL "INSERT INTO ROL(id, nombre) values (?, ?)".
ORA-00001: restricción única (ISIS2304D201920.UN_ROL_NOMBRE) violada

20:29:00,940 (AWT-EventQueue-0) ERROR [uniandes.isis2304.EPSAndes.persistencia.PersistenciaEPSAndes] - Exception : Error con la ejecucion de Query de SQL "INSERT INTO ROL(id, nombre) values (?, ?)".
ORA-00001: restricción única (ISIS2304D201920.UN_ROL_NOMBRE) violada

20:29:01,987 (AWT-EventQueue-0) ERROR [uniandes.isis2304.EPSAndes.persistencia.PersistenciaEPSAndes] - Exception : Error con la ejecucion de Query de SQL "INSERT INTO ROL(id, nombre) values (?, ?)".
ORA-00001: restricción única (ISIS2304D201920.UN_ROL_NOMBRE) violada

20:29:02,543 (AWT-EventQueue-0) ERROR [uniandes.isis2304.EPSAndes.persistencia.PersistenciaEPSAndes] - Exception : Error con la ejecucion de Query de SQL "INSERT INTO ROL(id, nombre) values (?, ?)".
ORA-00001: restricción única (ISIS2304D201920.UN_ROL_NOMBRE) violada

20:29:02,884 (AWT-EventQueue-0) ERROR [uniandes.isis2304.EPSAndes.persistencia.PersistenciaEPSAndes] - Exception : Error con la ejecucion de Query de SQL "INSERT INTO ROL(id, nombre) values (?, ?)".
ORA-00001: restricción única (ISIS2304D201920.UN_ROL_NOMBRE) violada

20:29:02,990 (AWT-EventQueue-0) INFO  [uniandes.isis2304.EPSAndes.negocio.Parranderos] - Generando los VO de Roles
20:29:03,283 (AWT-EventQueue-0) INFO  [uniandes.isis2304.EPSAndes.negocio.Parranderos] - Generando los VO de Tipos de bebida: 5 existentes
20:29:34,981 (main) INFO  [uniandes.isis2304.EPSAndes.interfazDemo.InterfazEPSAndesDemo] - Se encontró un archivo de configuración válido: Interfaz
20:29:34,982 (main) INFO  [uniandes.isis2304.EPSAndes.interfazDemo.InterfazEPSAndesDemo] - Se aplica configuración indicada en el archivo de configuración
20:29:35,000 (main) INFO  [uniandes.isis2304.EPSAndes.interfazDemo.InterfazEPSAndesDemo] - Se encontró un archivo de configuración válido: Tablas BD
20:30:46,827 (AWT-EventQueue-0) INFO  [uniandes.isis2304.EPSAndes.negocio.Parranderos] - Generando los VO de Roles
20:30:47,671 (AWT-EventQueue-0) INFO  [uniandes.isis2304.EPSAndes.negocio.Parranderos] - Generando los VO de Tipos de bebida: 5 existentes
20:31:11,401 (main) INFO  [uniandes.isis2304.EPSAndes.interfazDemo.InterfazEPSAndesDemo] - Se encontró un archivo de configuración válido: Interfaz
20:31:11,402 (main) INFO  [uniandes.isis2304.EPSAndes.interfazDemo.InterfazEPSAndesDemo] - Se aplica configuración indicada en el archivo de configuración
20:31:11,419 (main) INFO  [uniandes.isis2304.EPSAndes.interfazDemo.InterfazEPSAndesDemo] - Se encontró un archivo de configuración válido: Tablas BD
20:31:34,672 (AWT-EventQueue-0) INFO  [uniandes.isis2304.EPSAndes.negocio.Parranderos] - Generando los VO de Roles
20:31:34,980 (AWT-EventQueue-0) INFO  [uniandes.isis2304.EPSAndes.negocio.Parranderos] - Generando los VO de Tipos de bebida: 5 existentes
